<?xml version="1.0" encoding="UTF-8"?>
<!-- Generated by org.testng.reporters.JUnitReportReporter -->
<testsuite hostname="DESKTOP-HC9JHA0" failures="0" tests="1" name="com.simplilearn.com.TestNgExample3.AutomatewebapplicationTest" time="61.209" errors="0" timestamp="2022-10-06T14:50:01 IST" skipped="0">
  <testcase classname="com.simplilearn.com.TestNgExample3.AutomatewebapplicationTest" name="oracle" time="61.209"/>
  <system-out/>
</testsuite> <!-- com.simplilearn.com.TestNgExample3.AutomatewebapplicationTest -->
