<?xml version="1.0" encoding="UTF-8"?>
<!-- Generated by org.testng.reporters.JUnitReportReporter -->
<testsuite skipped="0" hostname="DESKTOP-HC9JHA0" name="com.simplilearn.com.TestNgExample3.AutomatewebapplicationTest" tests="1" failures="0" timestamp="2022-10-06T15:08:51 IST" time="66.478" errors="0">
  <testcase name="oracle" time="66.478" classname="com.simplilearn.com.TestNgExample3.AutomatewebapplicationTest"/>
  <system-out/>
</testsuite> <!-- com.simplilearn.com.TestNgExample3.AutomatewebapplicationTest -->
