<?xml version="1.0" encoding="UTF-8" ?>
<testsuite tests="1" failures="0" name="com.simplilearn.com.TestNgExample3.AutomatewebapplicationTest" time="42.887" errors="0" skipped="0">
  <properties>
    <property name="JOB_NAME" value="jenkinsautomateproject"/>
    <property name="maven.compiler.fork" value="true"/>
    <property name="java.vendor" value="Oracle Corporation"/>
    <property name="sun.java.launcher" value="SUN_STANDARD"/>
    <property name="RUN_TESTS_DISPLAY_URL" value="http://localhost:8080/job/jenkinsautomateproject/1/display/redirect?page=tests"/>
    <property name="NUMBER_OF_PROCESSORS" value="4"/>
    <property name="sun.management.compiler" value="HotSpot 64-Bit Tiered Compilers"/>
    <property name="JENKINS_HOME" value="C:\Users\Lenovo\.jenkins"/>
    <property name="FPS_BROWSER_USER_PROFILE_STRING" value="Default"/>
    <property name="HUDSON_SERVER_COOKIE" value="57cc29a0ad4671c8"/>
    <property name="os.name" value="Windows 10"/>
    <property name="EXECUTOR_NUMBER" value="0"/>
    <property name="sun.desktop" value="windows"/>
    <property name="PATHEXT" value=".COM;.EXE;.BAT;.CMD;.VBS;.VBE;.JS;.JSE;.WSF;.WSH;.MSC"/>
    <property name="java.vm.specification.vendor" value="Oracle Corporation"/>
    <property name="TEMP" value="C:\Users\Lenovo\AppData\Local\Temp"/>
    <property name="NODE_LABELS" value="built-in"/>
    <property name="java.runtime.version" value="11.0.15+8-LTS-149"/>
    <property name="FPS_BROWSER_APP_PROFILE_STRING" value="Internet Explorer"/>
    <property name="user.name" value="Lenovo"/>
    <property name="guice.disable.misplaced.annotation.check" value="true"/>
    <property name="CommonProgramW6432" value="C:\Program Files\Common Files"/>
    <property name="maven.compiler.executable" value="C:\Program Files\Java\jdk1.8.0_202\bin\javac.exe"/>
    <property name="ProgramFiles" value="C:\Program Files"/>
    <property name="PROMPT" value="$P$G"/>
    <property name="user.language" value="en"/>
    <property name="JOB_BASE_NAME" value="jenkinsautomateproject"/>
    <property name="RUN_CHANGES_DISPLAY_URL" value="http://localhost:8080/job/jenkinsautomateproject/1/display/redirect?page=changes"/>
    <property name="BUILD_DISPLAY_NAME" value="#1"/>
    <property name="OneDrive" value="C:\Users\Lenovo\OneDrive"/>
    <property name="sun.boot.library.path" value="C:\Program Files\Java\jdk-11.0.15\bin"/>
    <property name="java.vm.compressedOopsMode" value="32-bit"/>
    <property name="LOCALAPPDATA" value="C:\Users\Lenovo\AppData\Local"/>
    <property name="java.version" value="11.0.15"/>
    <property name="user.timezone" value="Asia/Calcutta"/>
    <property name="PROCESSOR_LEVEL" value="6"/>
    <property name="USERNAME" value="Lenovo"/>
    <property name="sun.arch.data.model" value="64"/>
    <property name="NODE_NAME" value="built-in"/>
    <property name="BUILD_ID" value="1"/>
    <property name="sun.cpu.isalist" value="amd64"/>
    <property name="sun.jnu.encoding" value="Cp1252"/>
    <property name="maven.conf" value="C:\Users\Lenovo\.jenkins\tools\hudson.tasks.Maven_MavenInstallation\MAVEN\conf"/>
    <property name="HOMEDRIVE" value="C:"/>
    <property name="file.separator" value="\"/>
    <property name="java.specification.name" value="Java Platform API Specification"/>
    <property name="java.class.version" value="55.0"/>
    <property name="=::" value="::\"/>
    <property name="org.slf4j.simpleLogger.defaultLogLevel" value="info"/>
    <property name="user.country" value="IN"/>
    <property name="ALLUSERSPROFILE" value="C:\ProgramData"/>
    <property name="java.home" value="C:\Program Files\Java\jdk-11.0.15"/>
    <property name="java.vm.info" value="mixed mode"/>
    <property name="ERLANG_HOME" value="C:\Program Files\erl10.6"/>
    <property name="os.version" value="10.0"/>
    <property name="RUN_DISPLAY_URL" value="http://localhost:8080/job/jenkinsautomateproject/1/display/redirect"/>
    <property name="TMP" value="C:\Users\Lenovo\AppData\Local\Temp"/>
    <property name="path.separator" value=";"/>
    <property name="RUN_ARTIFACTS_DISPLAY_URL" value="http://localhost:8080/job/jenkinsautomateproject/1/display/redirect?page=artifacts"/>
    <property name="java.vm.version" value="11.0.15+8-LTS-149"/>
    <property name="RABBITMQ_NODENAME" value="rabbit@localhost"/>
    <property name="user.variant" value=""/>
    <property name="CommonProgramFiles(x86)" value="C:\Program Files (x86)\Common Files"/>
    <property name="JOB_DISPLAY_URL" value="http://localhost:8080/job/jenkinsautomateproject/display/redirect"/>
    <property name="USERDOMAIN_ROAMINGPROFILE" value="DESKTOP-HC9JHA0"/>
    <property name="java.awt.printerjob" value="sun.awt.windows.WPrinterJob"/>
    <property name="CommonProgramFiles" value="C:\Program Files\Common Files"/>
    <property name="sun.io.unicode.encoding" value="UnicodeLittle"/>
    <property name="JAVA_HOME" value="C:\Program Files\Java\jdk1.8.0_202\"/>
    <property name="ComSpec" value="C:\Windows\system32\cmd.exe"/>
    <property name="HOMEPATH" value="\Users\Lenovo"/>
    <property name="awt.toolkit" value="sun.awt.windows.WToolkit"/>
    <property name="COMPUTERNAME" value="DESKTOP-HC9JHA0"/>
    <property name="user.script" value=""/>
    <property name="user.home" value="C:\Users\Lenovo"/>
    <property name="PUBLIC" value="C:\Users\Public"/>
    <property name="BUILD_TAG" value="jenkins-jenkinsautomateproject-1"/>
    <property name="JENKINS_SERVER_COOKIE" value="57cc29a0ad4671c8"/>
    <property name="HUDSON_URL" value="http://localhost:8080/"/>
    <property name="ProgramData" value="C:\ProgramData"/>
    <property name="java.version.date" value="2022-04-19"/>
    <property name="java.specification.vendor" value="Oracle Corporation"/>
    <property name="USERPROFILE" value="C:\Users\Lenovo"/>
    <property name="CLASSPATH" value=""/>
    <property name="java.library.path" value="C:\Program Files\Java\jdk-11.0.15\bin;C:\Windows\Sun\Java\bin;C:\Windows\system32;C:\Windows;C:\Users\Lenovo\.jenkins\tools\hudson.tasks.Maven_MavenInstallation\MAVEN/bin;C:\Program Files\Java\jdk1.8.0_202\/bin;C:\Program Files\Java\jdk1.8.0_202\/bin;C:\Program Files (x86)\Common Files\Oracle\Java\javapath;C:\Program Files\Common Files\Oracle\Java\javapath;C:\Windows\system32;C:\Windows;C:\Windows\System32\Wbem;C:\Windows\System32\WindowsPowerShell\v1.0\;C:\Windows\System32\OpenSSH\;C:\Program Files (x86)\IVI Foundation\VISA\WinNT\Bin\;C:\Program Files\IVI Foundation\VISA\Win64\Bin\;C:\Program Files (x86)\IVI Foundation\VISA\WinNT\Bin;C:\Program Files\Git\cmd;C:\Program Files\nodejs\;C:\Program Files\MySQL\MySQL Shell 8.0\bin\;C:\Users\Lenovo\AppData\Local\Microsoft\WindowsApps;;C:\Users\Lenovo\Desktop\Microsoft VS Code\bin;C:\Users\Lenovo\AppData\Roaming\npm;."/>
    <property name="java.vendor.url" value="https://openjdk.java.net/"/>
    <property name="java.vm.vendor" value="Oracle Corporation"/>
    <property name="APPDATA" value="C:\Users\Lenovo\AppData\Roaming"/>
    <property name="java.runtime.name" value="Java(TM) SE Runtime Environment"/>
    <property name="maven.home" value="C:\Users\Lenovo\.jenkins\tools\hudson.tasks.Maven_MavenInstallation\MAVEN"/>
    <property name="java.class.path" value="C:\Users\Lenovo\.jenkins\plugins\maven-plugin\WEB-INF\lib\maven35-agent-1.13.jar;C:\Users\Lenovo\.jenkins\tools\hudson.tasks.Maven_MavenInstallation\MAVEN\boot\plexus-classworlds-2.6.0.jar;C:\Users\Lenovo\.jenkins\tools\hudson.tasks.Maven_MavenInstallation\MAVEN/conf/logging"/>
    <property name="sun.java.command" value="jenkins.maven3.agent.Maven35Main C:\Users\Lenovo\.jenkins\tools\hudson.tasks.Maven_MavenInstallation\MAVEN C:\Users\Lenovo\.jenkins\war\WEB-INF\lib\remoting-3063.v26e24490f041.jar C:\Users\Lenovo\.jenkins\plugins\maven-plugin\WEB-INF\lib\maven35-interceptor-1.13.jar C:\Users\Lenovo\.jenkins\plugins\maven-plugin\WEB-INF\lib\maven3-interceptor-commons-1.13.jar 64502"/>
    <property name="VXIPNPPATH" value="C:\Program Files (x86)\IVI Foundation\VISA\"/>
    <property name="Path" value="C:\Program Files\Java\jdk1.8.0_202\/bin;C:\Program Files (x86)\Common Files\Oracle\Java\javapath;C:\Program Files\Common Files\Oracle\Java\javapath;C:\Windows\system32;C:\Windows;C:\Windows\System32\Wbem;C:\Windows\System32\WindowsPowerShell\v1.0\;C:\Windows\System32\OpenSSH\;C:\Program Files (x86)\IVI Foundation\VISA\WinNT\Bin\;C:\Program Files\IVI Foundation\VISA\Win64\Bin\;C:\Program Files (x86)\IVI Foundation\VISA\WinNT\Bin;C:\Program Files\Git\cmd;C:\Program Files\nodejs\;C:\Program Files\MySQL\MySQL Shell 8.0\bin\;C:\Users\Lenovo\AppData\Local\Microsoft\WindowsApps;;C:\Users\Lenovo\Desktop\Microsoft VS Code\bin;C:\Users\Lenovo\AppData\Roaming\npm"/>
    <property name="jdk.debug" value="release"/>
    <property name="PROCESSOR_ARCHITECTURE" value="AMD64"/>
    <property name="java.vm.specification.name" value="Java Virtual Machine Specification"/>
    <property name="jansi.mode" value="strip"/>
    <property name="PATH+JDK" value="C:\Program Files\Java\jdk1.8.0_202\/bin"/>
    <property name="SESSIONNAME" value="Console"/>
    <property name="PROCESSOR_IDENTIFIER" value="Intel64 Family 6 Model 142 Stepping 9, GenuineIntel"/>
    <property name="java.vm.specification.version" value="11"/>
    <property name="M2_HOME" value="C:\Users\Lenovo\.jenkins\tools\hudson.tasks.Maven_MavenInstallation\MAVEN"/>
    <property name="sun.cpu.endian" value="little"/>
    <property name="sun.os.patch.level" value=""/>
    <property name="VXIPNPPATH64" value="C:\Program Files\IVI Foundation\VISA\"/>
    <property name="OS" value="Windows_NT"/>
    <property name="CI" value="true"/>
    <property name="java.io.tmpdir" value="C:\Users\Lenovo\AppData\Local\Temp\"/>
    <property name="HUDSON_HOME" value="C:\Users\Lenovo\.jenkins"/>
    <property name="PATH+MAVEN" value="C:\Users\Lenovo\.jenkins\tools\hudson.tasks.Maven_MavenInstallation\MAVEN/bin"/>
    <property name="ProgramFiles(x86)" value="C:\Program Files (x86)"/>
    <property name="java.vendor.url.bug" value="https://bugreport.java.com/bugreport/"/>
    <property name="BUILD_URL" value="http://localhost:8080/job/jenkinsautomateproject/1/"/>
    <property name="SystemRoot" value="C:\Windows"/>
    <property name="os.arch" value="amd64"/>
    <property name="java.awt.graphicsenv" value="sun.awt.Win32GraphicsEnvironment"/>
    <property name="user.dir" value="D:\Mphasis-java-pahse5\TestNgExample3"/>
    <property name="JOB_URL" value="http://localhost:8080/job/jenkinsautomateproject/"/>
    <property name="LOGONSERVER" value="\\DESKTOP-HC9JHA0"/>
    <property name="USERDOMAIN" value="DESKTOP-HC9JHA0"/>
    <property name="MAVEN_HOME" value="C:\Users\Lenovo\.jenkins\tools\hudson.tasks.Maven_MavenInstallation\MAVEN"/>
    <property name="line.separator" value="
"/>
    <property name="java.vm.name" value="Java HotSpot(TM) 64-Bit Server VM"/>
    <property name="BUILD_NUMBER" value="1"/>
    <property name="PROCESSOR_REVISION" value="8e09"/>
    <property name="JENKINS_URL" value="http://localhost:8080/"/>
    <property name="ProgramW6432" value="C:\Program Files"/>
    <property name="windir" value="C:\Windows"/>
    <property name="=C:" value="C:\Program Files"/>
    <property name="file.encoding" value="Cp1252"/>
    <property name="SystemDrive" value="C:"/>
    <property name="maven3.interceptor" value="C:\Users\Lenovo\.jenkins\plugins\maven-plugin\WEB-INF\lib\maven35-interceptor-1.13.jar"/>
    <property name="WORKSPACE_TMP" value="C:\Users\Lenovo\.jenkins\workspace\jenkinsautomateproject@tmp"/>
    <property name="WORKSPACE" value="C:\Users\Lenovo\.jenkins\workspace\jenkinsautomateproject"/>
    <property name="jvm" value="C:\Program Files\Java\jdk1.8.0_202\bin\java.exe"/>
    <property name="maven3.interceptor.common" value="C:\Users\Lenovo\.jenkins\plugins\maven-plugin\WEB-INF\lib\maven3-interceptor-commons-1.13.jar"/>
    <property name="PSModulePath" value="C:\Program Files (x86)\WindowsPowerShell\Modules;C:\Windows\system32\WindowsPowerShell\v1.0\Modules;C:\Program Files (x86)\AutoIt3\AutoItX"/>
    <property name="java.specification.version" value="11"/>
    <property name="DriverData" value="C:\Windows\System32\Drivers\DriverData"/>
    <property name="java.vendor.version" value="18.9"/>
  </properties>
  <testcase classname="com.simplilearn.com.TestNgExample3.AutomatewebapplicationTest" name="oracle" time="42.887"/>
</testsuite>